{
  "RSpec": {
    "coverage": {
      "/home/liam/Documents/University/COM4525-Genesys/genesys/app/models/user.rb": {
        "lines": [
          null,
          null,
          null,
          null,
          null,
          null,
          null,
          null,
          null,
          null,
          null,
          null,
          null,
          null,
          null,
          null,
          null,
          null,
          null,
          null,
          null,
          null,
          null,
          null,
          null,
          null,
          null,
          null,
          null,
          null,
          null,
          null,
          null,
          null,
          null,
          null,
          1,
          null,
          null,
          null,
          null,
          1,
          1,
          1,
          null,
          null,
          null,
          1,
          151,
          null,
          null,
          null
        ]
      },
      "/home/liam/Documents/University/COM4525-Genesys/genesys/app/models/application_record.rb": {
        "lines": [
          null,
          null,
          1,
          1,
          null
        ]
      },
      "/home/liam/Documents/University/COM4525-Genesys/genesys/app/helpers/admin_helper.rb": {
        "lines": [
          1,
          null
        ]
      },
      "/home/liam/Documents/University/COM4525-Genesys/genesys/app/helpers/admin/users_helper.rb": {
        "lines": [
          1,
          null
        ]
      },
      "/home/liam/Documents/University/COM4525-Genesys/genesys/app/helpers/application_helper.rb": {
        "lines": [
          null,
          null,
          1,
          null,
          null,
          null,
          null,
          null
        ]
      },
      "/home/liam/Documents/University/COM4525-Genesys/genesys/app/helpers/faqs_helper.rb": {
        "lines": [
          1,
          null
        ]
      },
      "/home/liam/Documents/University/COM4525-Genesys/genesys/app/helpers/newsletters_helper.rb": {
        "lines": [
          null,
          null,
          1,
          null
        ]
      },
      "/home/liam/Documents/University/COM4525-Genesys/genesys/app/helpers/reviews_helper.rb": {
        "lines": [
          1,
          null
        ]
      },
      "/home/liam/Documents/University/COM4525-Genesys/genesys/app/helpers/users_helper.rb": {
        "lines": [
          1,
          null
        ]
      },
      "/home/liam/Documents/University/COM4525-Genesys/genesys/app/decorators/admin/user_decorator.rb": {
        "lines": [
          1,
          1,
          null,
          null,
          null,
          null,
          null,
          null,
          null,
          null,
          null,
          null,
          null
        ]
      },
      "/home/liam/Documents/University/COM4525-Genesys/genesys/app/decorators/admin_decorator.rb": {
        "lines": [
          1,
          1,
          null,
          null,
          null,
          null,
          null,
          null,
          null,
          null,
          null,
          null,
          null
        ]
      },
      "/home/liam/Documents/University/COM4525-Genesys/genesys/app/decorators/faq_decorator.rb": {
        "lines": [
          1,
          1,
          null,
          null,
          null,
          null,
          null,
          null,
          null,
          null,
          null,
          null,
          null
        ]
      },
      "/home/liam/Documents/University/COM4525-Genesys/genesys/app/models/faq.rb": {
        "lines": [
          null,
          null,
          null,
          null,
          null,
          null,
          null,
          null,
          null,
          null,
          null,
          null,
          null,
          1,
          1,
          1,
          null
        ]
      },
      "/home/liam/Documents/University/COM4525-Genesys/genesys/app/decorators/newsletter_decorator.rb": {
        "lines": [
          null,
          null,
          1,
          1,
          null,
          null,
          null,
          null,
          null,
          null,
          null,
          null,
          null,
          null
        ]
      },
      "/home/liam/Documents/University/COM4525-Genesys/genesys/app/models/newsletter.rb": {
        "lines": [
          null,
          null,
          null,
          null,
          null,
          null,
          null,
          null,
          null,
          null,
          null,
          null,
          null,
          null,
          null,
          null,
          1,
          1,
          null
        ]
      },
      "/home/liam/Documents/University/COM4525-Genesys/genesys/app/decorators/review_decorator.rb": {
        "lines": [
          1,
          1,
          null,
          null,
          null,
          null,
          null,
          null,
          null,
          null,
          null,
          null,
          null
        ]
      },
      "/home/liam/Documents/University/COM4525-Genesys/genesys/app/models/review.rb": {
        "lines": [
          null,
          null,
          null,
          null,
          null,
          null,
          null,
          null,
          null,
          null,
          null,
          null,
          1,
          1,
          null
        ]
      },
      "/home/liam/Documents/University/COM4525-Genesys/genesys/app/decorators/user_decorator.rb": {
        "lines": [
          1,
          1,
          null,
          null,
          null,
          null,
          null,
          null,
          null,
          null,
          null,
          null,
          null
        ]
      },
      "/home/liam/Documents/University/COM4525-Genesys/genesys/app/mailers/user_mailer.rb": {
        "lines": [
          1,
          1,
          null,
          null
        ]
      },
      "/home/liam/Documents/University/COM4525-Genesys/genesys/app/mailers/application_mailer.rb": {
        "lines": [
          null,
          null,
          1,
          1,
          1,
          null
        ]
      },
      "/home/liam/Documents/University/COM4525-Genesys/genesys/app/models/faq_vote.rb": {
        "lines": [
          null,
          null,
          null,
          null,
          null,
          null,
          null,
          null,
          null,
          null,
          null,
          null,
          null,
          null,
          null,
          null,
          null,
          null,
          null,
          null,
          1,
          1,
          null
        ]
      },
      "/home/liam/Documents/University/COM4525-Genesys/genesys/app/models/share.rb": {
        "lines": [
          null,
          null,
          null,
          null,
          null,
          null,
          null,
          null,
          null,
          null,
          1,
          null
        ]
      },
      "/home/liam/Documents/University/COM4525-Genesys/genesys/app/models/visit.rb": {
        "lines": [
          null,
          null,
          null,
          null,
          null,
          null,
          null,
          null,
          null,
          null,
          null,
          null,
          null,
          1,
          1,
          1,
          null
        ]
      },
      "/home/liam/Documents/University/COM4525-Genesys/genesys/app/controllers/admin/users_controller.rb": {
        "lines": [
          1,
          1,
          1,
          1,
          null,
          null,
          1,
          17,
          null,
          null,
          1,
          1,
          1,
          1,
          null,
          0,
          0,
          null,
          null,
          null,
          1,
          0,
          0,
          null,
          0,
          0,
          null,
          null,
          null,
          1,
          6,
          null,
          null,
          1,
          5,
          5,
          4,
          4,
          null,
          1,
          null,
          null,
          null,
          1,
          null,
          1,
          31,
          2,
          null,
          29,
          null,
          null,
          null,
          1,
          0,
          null,
          null,
          1,
          5,
          null,
          null
        ]
      },
      "/home/liam/Documents/University/COM4525-Genesys/genesys/app/controllers/application_controller.rb": {
        "lines": [
          null,
          null,
          1,
          null,
          null,
          null,
          null,
          null,
          null,
          1,
          1,
          1,
          null,
          null,
          1,
          0,
          null,
          1,
          5,
          null,
          null,
          null,
          1,
          0,
          0,
          0,
          0,
          null,
          null,
          1,
          null,
          1,
          184,
          184,
          184,
          null,
          null,
          1,
          178,
          0,
          null,
          null,
          1,
          1,
          null,
          null,
          null
        ]
      },
      "/home/liam/Documents/University/COM4525-Genesys/genesys/app/models/ability.rb": {
        "lines": [
          null,
          null,
          1,
          1,
          null,
          1,
          null,
          null,
          162,
          162,
          87,
          87,
          87,
          87,
          87,
          87,
          87,
          75,
          6,
          6,
          6,
          6,
          6,
          6,
          null,
          69,
          69,
          69,
          69,
          69,
          69,
          69,
          69,
          69,
          69,
          69,
          69,
          69,
          null,
          null,
          null,
          null,
          null,
          null,
          null,
          null,
          null,
          null,
          null,
          null,
          null,
          null,
          null,
          null,
          null,
          null,
          null,
          null,
          null
        ]
      },
      "/home/liam/Documents/University/COM4525-Genesys/genesys/app/controllers/pages_controller.rb": {
        "lines": [
          1,
          1,
          null,
          1,
          26,
          26,
          26,
          null,
          null,
          1,
          0,
          null,
          null,
          1,
          0,
          null,
          null,
          null,
          1,
          0,
          null,
          null,
          1,
          0,
          null,
          null,
          1,
          0,
          null,
          null,
          1,
          0,
          null,
          null,
          1,
          0,
          null,
          null,
          1,
          0,
          null,
          null,
          1,
          2,
          2,
          2,
          null,
          null,
          null
        ]
      },
      "/home/liam/Documents/University/COM4525-Genesys/genesys/app/controllers/metrics_controller.rb": {
        "lines": [
          1,
          1,
          1,
          null,
          1,
          0,
          0,
          0,
          0,
          null,
          null,
          0,
          0,
          0,
          0,
          0,
          0,
          0,
          0,
          0,
          0,
          null,
          null,
          0,
          null,
          null,
          1,
          0,
          0,
          null,
          null,
          0,
          null,
          null,
          0,
          null,
          null,
          null,
          null,
          null,
          null,
          null,
          0,
          null,
          null,
          1,
          null,
          1,
          6,
          6,
          null,
          null,
          null,
          null
        ]
      },
      "/home/liam/Documents/University/COM4525-Genesys/genesys/app/controllers/newsletters_controller.rb": {
        "lines": [
          null,
          null,
          1,
          1,
          1,
          null,
          null,
          1,
          2,
          null,
          null,
          null,
          1,
          null,
          null,
          1,
          8,
          null,
          null,
          null,
          1,
          null,
          null,
          1,
          null,
          8,
          null,
          8,
          null,
          null,
          null,
          null,
          null,
          null,
          null,
          8,
          4,
          4,
          null,
          0,
          null,
          null,
          4,
          null,
          null,
          null,
          null,
          1,
          0,
          0,
          null,
          0,
          null,
          null,
          null,
          null,
          1,
          0,
          0,
          null,
          null,
          1,
          null,
          null,
          1,
          0,
          null,
          null,
          null,
          1,
          24,
          null,
          null,
          null
        ]
      },
      "/home/liam/Documents/University/COM4525-Genesys/genesys/app/controllers/reviews_controller.rb": {
        "lines": [
          1,
          1,
          1,
          null,
          1,
          null,
          null,
          1,
          11,
          11,
          null,
          null,
          null,
          1,
          null,
          null,
          null,
          1,
          null,
          null,
          null,
          1,
          5,
          null,
          null,
          null,
          1,
          6,
          null,
          null,
          null,
          1,
          5,
          null,
          5,
          4,
          2,
          null,
          2,
          null,
          null,
          1,
          null,
          null,
          null,
          null,
          1,
          6,
          1,
          1,
          5,
          2,
          2,
          3,
          3,
          null,
          0,
          null,
          null,
          null,
          null,
          1,
          1,
          1,
          null,
          null,
          1,
          null,
          1,
          18,
          null,
          null,
          null,
          1,
          25,
          null,
          null
        ]
      },
      "/home/liam/Documents/University/COM4525-Genesys/genesys/app/controllers/users_controller.rb": {
        "lines": [
          1,
          1,
          null,
          null,
          null,
          1,
          0,
          0,
          0,
          null,
          null,
          null,
          1,
          1,
          1,
          null,
          0,
          null,
          null,
          null,
          null,
          1,
          0,
          0,
          0,
          0,
          0,
          null,
          0,
          0,
          null,
          null,
          0,
          null,
          null,
          null,
          null,
          1,
          null,
          1,
          0,
          null,
          null,
          null,
          1,
          0,
          null,
          null,
          null,
          null,
          null
        ]
      },
      "/home/liam/Documents/University/COM4525-Genesys/genesys/app/services/retrieve_location.rb": {
        "lines": [
          null,
          null,
          null,
          1,
          1,
          12,
          12,
          null,
          null,
          null,
          null,
          null,
          1,
          12,
          12,
          12,
          null,
          null,
          0,
          null,
          null,
          0,
          0,
          null,
          0,
          0,
          null,
          null,
          null,
          12,
          null,
          null
        ]
      },
      "/home/liam/Documents/University/COM4525-Genesys/genesys/app/controllers/errors_controller.rb": {
        "lines": [
          null,
          null,
          1,
          1,
          1,
          1,
          null,
          1,
          null,
          1,
          null,
          1,
          null,
          1,
          0,
          null,
          0,
          null,
          null,
          1,
          null
        ]
      },
      "/home/liam/Documents/University/COM4525-Genesys/genesys/app/controllers/faqs_controller.rb": {
        "lines": [
          1,
          1,
          1,
          null,
          null,
          1,
          6,
          null,
          null,
          null,
          1,
          3,
          3,
          null,
          null,
          null,
          1,
          2,
          null,
          null,
          null,
          1,
          null,
          null,
          null,
          1,
          null,
          null,
          null,
          1,
          0,
          0,
          0,
          null,
          0,
          null,
          0,
          0,
          null,
          0,
          null,
          null,
          null,
          null,
          1,
          0,
          0,
          0,
          null,
          0,
          null,
          0,
          0,
          null,
          0,
          null,
          null,
          null,
          null,
          1,
          2,
          null,
          2,
          1,
          null,
          1,
          null,
          null,
          null,
          null,
          1,
          2,
          2,
          null,
          0,
          null,
          null,
          null,
          null,
          1,
          1,
          1,
          null,
          null,
          1,
          null,
          1,
          8,
          null,
          null,
          null,
          1,
          4,
          null,
          null
        ]
      },
      "/home/liam/Documents/University/COM4525-Genesys/genesys/app/services/calculate_metrics.rb": {
        "lines": [
          null,
          null,
          1,
          1,
          8,
          8,
          null,
          null,
          null,
          null,
          1,
          2,
          null,
          4,
          3,
          null,
          null,
          null,
          1,
          2,
          null,
          5,
          2,
          null,
          null,
          null,
          1,
          2,
          null,
          5,
          3,
          3,
          null,
          null,
          null,
          1,
          2,
          null,
          4,
          3,
          null,
          null,
          null,
          1,
          2,
          null,
          1,
          null,
          null,
          1,
          1,
          null,
          1,
          311,
          null,
          null,
          1,
          3,
          null,
          null,
          312,
          null,
          null,
          null,
          1,
          2,
          null,
          null,
          1,
          1,
          311,
          null,
          5,
          2,
          622,
          null,
          null,
          1,
          null,
          null,
          1,
          null,
          null,
          1,
          3,
          null,
          3,
          3,
          933,
          null,
          null,
          3,
          8,
          null,
          null,
          3,
          null,
          null,
          null,
          1,
          3,
          3,
          null,
          null,
          2,
          null,
          null,
          1,
          0,
          0,
          null,
          null,
          null
        ]
      },
      "/home/liam/Documents/University/COM4525-Genesys/genesys/app/jobs/application_job.rb": {
        "lines": [
          null,
          null,
          0,
          null,
          null,
          null,
          null,
          null,
          0
        ],
        "branches": {
        }
      },
      "/home/liam/Documents/University/COM4525-Genesys/genesys/app/channels/application_cable/connection.rb": {
        "lines": [
          null,
          null,
          0,
          0,
          0,
          0
        ],
        "branches": {
        }
      },
      "/home/liam/Documents/University/COM4525-Genesys/genesys/app/channels/application_cable/channel.rb": {
        "lines": [
          null,
          null,
          0,
          0,
          0,
          0
        ],
        "branches": {
        }
      },
      "/mnt/c/Users/Chris/Google Drive/University/Year 4/COM4525 - Genesys/project/app/services/retrieve_location.rb": {
        "lines": [
          null,
          null,
          null,
          0,
          0,
          0,
          0,
          null,
          0,
          null,
          null,
          null,
          0,
          0,
          0,
          0,
          0,
          null,
          0,
          null,
          0,
          0,
          0,
          0,
          0,
          0,
          0,
          0,
          null,
          0,
          0,
          0
        ],
        "branches": {
        }
      }
    },
    "timestamp": 1639147382
  }
}
